<?xml version="1.0" encoding="UTF-8"?>
<!-- Generated by org.testng.reporters.JUnitReportReporter -->
<testsuite hostname="Praba" failures="0" tests="1" name="testcases.sample" time="110.635" errors="0" timestamp="2023-10-02T14:41:01 IST" skipped="0">
  <testcase classname="testcases.sample" name="launchURL" time="110.635"/>
</testsuite> <!-- testcases.sample -->
