<?xml version="1.0" encoding="UTF-8"?>
<!-- Generated by org.testng.reporters.JUnitReportReporter -->
<testsuite hostname="Praba" failures="0" tests="1" name="testcases.SignUpTestCases" time="20.623" errors="0" timestamp="2023-10-11T19:45:50 IST" skipped="0">
  <testcase classname="testcases.SignUpTestCases" name="alreadyHaveAnAccount" time="20.623"/>
</testsuite> <!-- testcases.SignUpTestCases -->
