<?xml version="1.0" encoding="UTF-8"?>
<!-- Generated by org.testng.reporters.JUnitReportReporter -->
<testsuite hostname="Praba" failures="0" tests="5" name="testcases.MyAccountTestCases" time="60.189" errors="0" timestamp="2023-11-01T12:59:40 IST" skipped="0">
  <testcase classname="testcases.MyAccountTestCases" name="verifyEditProfile" time="11.915"/>
  <testcase classname="testcases.MyAccountTestCases" name="verifyQuotations" time="14.731"/>
  <testcase classname="testcases.MyAccountTestCases" name="verifyEditSecuritySettings" time="10.375"/>
  <testcase classname="testcases.MyAccountTestCases" name="verifyInvoiceBills" time="13.452"/>
  <testcase classname="testcases.MyAccountTestCases" name="verifySalesOrders" time="9.716"/>
</testsuite> <!-- testcases.MyAccountTestCases -->
