<?xml version="1.0" encoding="UTF-8"?>
<!-- Generated by org.testng.reporters.JUnitReportReporter -->
<testsuite hostname="Praba" failures="0" tests="1" name="testcases.HomePageTestCases" time="12.527" errors="0" timestamp="2023-11-01T12:04:16 IST" skipped="0">
  <testcase classname="testcases.HomePageTestCases" name="myAccount" time="12.527"/>
</testsuite> <!-- testcases.HomePageTestCases -->
