<?xml version="1.0" encoding="UTF-8"?>
<!-- Generated by org.testng.reporters.JUnitReportReporter -->
<testsuite hostname="Praba" failures="0" tests="1" name="testcases.LoginTestCases" time="120.929" errors="0" timestamp="2023-10-03T12:02:43 IST" skipped="0">
  <testcase classname="testcases.LoginTestCases" name="login" time="120.929"/>
</testsuite> <!-- testcases.LoginTestCases -->
