<?xml version="1.0" encoding="UTF-8"?>
<!-- Generated by org.testng.reporters.JUnitReportReporter -->
<testsuite hostname="Praba" failures="0" tests="1" name="testcases.DeleteAccountTestCases" time="25.849" errors="0" timestamp="2023-10-11T21:22:11 IST" skipped="0">
  <testcase classname="testcases.DeleteAccountTestCases" name="cancelDeleteAccount" time="25.849"/>
</testsuite> <!-- testcases.DeleteAccountTestCases -->
