<?xml version="1.0" encoding="UTF-8"?>
<!-- Generated by org.testng.reporters.JUnitReportReporter -->
<testsuite hostname="Praba" failures="0" tests="1" name="testcases.EditProfileTestCases" time="14.015" errors="0" timestamp="2023-10-24T18:29:07 IST" skipped="0">
  <testcase classname="testcases.EditProfileTestCases" name="editCompleteProfile" time="14.015"/>
</testsuite> <!-- testcases.EditProfileTestCases -->
