<?xml version="1.0" encoding="UTF-8"?>
<!-- Generated by org.testng.reporters.JUnitReportReporter -->
<testsuite hostname="Praba" failures="0" tests="3" name="testcases.DeleteAccountFailureTestCases" time="30.151" errors="0" timestamp="2023-11-01T13:38:36 IST" skipped="0">
  <testcase classname="testcases.DeleteAccountFailureTestCases" name="deleteAccountFailures" time="12.838"/>
  <testcase classname="testcases.DeleteAccountFailureTestCases" name="deleteAccountFailures" time="8.565"/>
  <testcase classname="testcases.DeleteAccountFailureTestCases" name="deleteAccountFailures" time="8.748"/>
</testsuite> <!-- testcases.DeleteAccountFailureTestCases -->
