<?xml version="1.0" encoding="UTF-8"?>
<!-- Generated by org.testng.reporters.JUnitReportReporter -->
<testsuite hostname="Praba" failures="0" tests="1" name="testcases.PaymentMethodsTestCases" time="13.286" errors="0" timestamp="2023-10-19T21:38:16 IST" skipped="0">
  <testcase classname="testcases.PaymentMethodsTestCases" name="clickPaymentMethods" time="13.286"/>
</testsuite> <!-- testcases.PaymentMethodsTestCases -->
