<?xml version="1.0" encoding="UTF-8"?>
<!-- Generated by org.testng.reporters.JUnitReportReporter -->
<testsuite hostname="Praba" failures="0" tests="1" name="testcases.ChangePasswordFailureTestCases" time="10.182" errors="0" timestamp="2023-11-01T13:19:15 IST" skipped="0">
  <testcase classname="testcases.ChangePasswordFailureTestCases" name="verifyEditSecuritySettings" time="10.182"/>
</testsuite> <!-- testcases.ChangePasswordFailureTestCases -->
