<?xml version="1.0" encoding="UTF-8"?>
<!-- Generated by org.testng.reporters.JUnitReportReporter -->
<testsuite hostname="Praba" failures="0" tests="1" name="testcases.WishListTestCases" time="13.370" errors="0" timestamp="2023-10-31T22:40:57 IST" skipped="0">
  <testcase classname="testcases.WishListTestCases" name="removeProductFromWishList" time="13.370"/>
</testsuite> <!-- testcases.WishListTestCases -->
