<?xml version="1.0" encoding="UTF-8"?>
<!-- Generated by org.testng.reporters.JUnitReportReporter -->
<testsuite hostname="Praba" failures="0" tests="1" name="testcases.ChangePasswordTestCases" time="10.521" errors="0" timestamp="2023-11-01T13:20:51 IST" skipped="0">
  <testcase classname="testcases.ChangePasswordTestCases" name="changePasswordSuccess" time="10.521"/>
</testsuite> <!-- testcases.ChangePasswordTestCases -->
