<?xml version="1.0" encoding="UTF-8"?>
<!-- Generated by org.testng.reporters.JUnitReportReporter -->
<testsuite hostname="Praba" failures="0" tests="3" name="testcases.DeleteAccountFailuresTestCases" time="30.137" errors="0" timestamp="2023-11-01T13:50:43 IST" skipped="0">
  <testcase classname="testcases.DeleteAccountFailuresTestCases" name="deleteAccountFailures" time="8.330"/>
  <testcase classname="testcases.DeleteAccountFailuresTestCases" name="deleteAccountFailures" time="8.627"/>
  <testcase classname="testcases.DeleteAccountFailuresTestCases" name="deleteAccountFailures" time="13.180"/>
</testsuite> <!-- testcases.DeleteAccountFailuresTestCases -->
