<?xml version="1.0" encoding="UTF-8"?>
<!-- Generated by org.testng.reporters.JUnitReportReporter -->
<testsuite hostname="Praba" failures="0" tests="1" name="testcases.ProductSpecificationTestCases" time="19.252" errors="0" timestamp="2023-11-01T22:17:00 IST" skipped="0">
  <testcase classname="testcases.ProductSpecificationTestCases" name="addToWishlist" time="19.252"/>
</testsuite> <!-- testcases.ProductSpecificationTestCases -->
