<?xml version="1.0" encoding="UTF-8"?>
<!-- Generated by org.testng.reporters.JUnitReportReporter -->
<testsuite hostname="Praba" failures="0" tests="1" name="testcases.CartTestCases" time="15.398" errors="0" timestamp="2023-11-01T22:17:46 IST" skipped="0">
  <testcase classname="testcases.CartTestCases" name="removeProductFromCart" time="15.398"/>
</testsuite> <!-- testcases.CartTestCases -->
