<?xml version="1.0" encoding="UTF-8"?>
<!-- Generated by org.testng.reporters.JUnitReportReporter -->
<testsuite hostname="Praba" failures="0" tests="1" name="testcases.ResetPwordTestCases" time="30.214" errors="0" timestamp="2023-10-03T11:18:49 IST" skipped="0">
  <testcase classname="testcases.ResetPwordTestCases" name="backToLogin" time="30.214"/>
</testsuite> <!-- testcases.ResetPwordTestCases -->
